Performing C SOURCE FILE Test C_SUPPORTS_WERROR_UNGUARDED_AVAILABILITY_NEW failed with the following output:
Change Dir: /mnt/d/llvm/mytoy/build/CMakeFiles/CMakeTmp

Run Build Command(s):/usr/bin/ninja cmTC_c9bf8 && [1/2] Building C object CMakeFiles/cmTC_c9bf8.dir/src.c.o
FAILED: CMakeFiles/cmTC_c9bf8.dir/src.c.o 
/usr/bin/gcc -DC_SUPPORTS_WERROR_UNGUARDED_AVAILABILITY_NEW  -fPIC -fno-semantic-interposition -Werror=date-time    -Werror -Werror=unguarded-availability-new -o CMakeFiles/cmTC_c9bf8.dir/src.c.o -c /mnt/d/llvm/mytoy/build/CMakeFiles/CMakeTmp/src.c
cc1: error: '-Werror=unguarded-availability-new': no option '-Wunguarded-availability-new'
ninja: build stopped: subcommand failed.


Source file was:
int main(void) { return 0; }
Performing C++ SOURCE FILE Test CXX_SUPPORTS_WERROR_UNGUARDED_AVAILABILITY_NEW failed with the following output:
Change Dir: /mnt/d/llvm/mytoy/build/CMakeFiles/CMakeTmp

Run Build Command(s):/usr/bin/ninja cmTC_1c385 && [1/2] Building CXX object CMakeFiles/cmTC_1c385.dir/src.cxx.o
FAILED: CMakeFiles/cmTC_1c385.dir/src.cxx.o 
/usr/bin/g++ -DCXX_SUPPORTS_WERROR_UNGUARDED_AVAILABILITY_NEW  -fPIC -fno-semantic-interposition -fvisibility-inlines-hidden -Werror=date-time    -Werror -Werror=unguarded-availability-new -o CMakeFiles/cmTC_1c385.dir/src.cxx.o -c /mnt/d/llvm/mytoy/build/CMakeFiles/CMakeTmp/src.cxx
cc1plus: error: '-Werror=unguarded-availability-new': no option '-Wunguarded-availability-new'
ninja: build stopped: subcommand failed.


Source file was:
int main() { return 0; }
Performing C SOURCE FILE Test C_SUPPORTS_COVERED_SWITCH_DEFAULT_FLAG failed with the following output:
Change Dir: /mnt/d/llvm/mytoy/build/CMakeFiles/CMakeTmp

Run Build Command(s):/usr/bin/ninja cmTC_cab4b && [1/2] Building C object CMakeFiles/cmTC_cab4b.dir/src.c.o
FAILED: CMakeFiles/cmTC_cab4b.dir/src.c.o 
/usr/bin/gcc -DC_SUPPORTS_COVERED_SWITCH_DEFAULT_FLAG  -fPIC -fno-semantic-interposition -Werror=date-time -fno-lifetime-dse -Wall -Wextra -Wno-unused-parameter -Wwrite-strings -Wcast-qual -Wno-missing-field-initializers -Wimplicit-fallthrough    -Werror -Wcovered-switch-default -o CMakeFiles/cmTC_cab4b.dir/src.c.o -c /mnt/d/llvm/mytoy/build/CMakeFiles/CMakeTmp/src.c
gcc: error: unrecognized command-line option '-Wcovered-switch-default'; did you mean '-Wno-switch-default'?
ninja: build stopped: subcommand failed.


Source file was:
int main(void) { return 0; }
Performing C++ SOURCE FILE Test CXX_SUPPORTS_COVERED_SWITCH_DEFAULT_FLAG failed with the following output:
Change Dir: /mnt/d/llvm/mytoy/build/CMakeFiles/CMakeTmp

Run Build Command(s):/usr/bin/ninja cmTC_84ba8 && [1/2] Building CXX object CMakeFiles/cmTC_84ba8.dir/src.cxx.o
FAILED: CMakeFiles/cmTC_84ba8.dir/src.cxx.o 
/usr/bin/g++ -DCXX_SUPPORTS_COVERED_SWITCH_DEFAULT_FLAG  -fPIC -fno-semantic-interposition -fvisibility-inlines-hidden -Werror=date-time -fno-lifetime-dse -Wall -Wextra -Wno-unused-parameter -Wwrite-strings -Wcast-qual -Wno-missing-field-initializers -Wimplicit-fallthrough    -Werror -Wcovered-switch-default -o CMakeFiles/cmTC_84ba8.dir/src.cxx.o -c /mnt/d/llvm/mytoy/build/CMakeFiles/CMakeTmp/src.cxx
g++: error: unrecognized command-line option '-Wcovered-switch-default'; did you mean '-Wno-switch-default'?
ninja: build stopped: subcommand failed.


Source file was:
int main() { return 0; }
Performing C++ SOURCE FILE Test CXX_WONT_WARN_ON_FINAL_NONVIRTUALDTOR failed with the following output:
Change Dir: /mnt/d/llvm/mytoy/build/CMakeFiles/CMakeTmp

Run Build Command(s):/usr/bin/ninja cmTC_63a2d && [1/2] Building CXX object CMakeFiles/cmTC_63a2d.dir/src.cxx.o
FAILED: CMakeFiles/cmTC_63a2d.dir/src.cxx.o 
/usr/bin/g++ -DCXX_WONT_WARN_ON_FINAL_NONVIRTUALDTOR  -fPIC -fno-semantic-interposition -fvisibility-inlines-hidden -Werror=date-time -fno-lifetime-dse -Wall -Wextra -Wno-unused-parameter -Wwrite-strings -Wcast-qual -Wno-missing-field-initializers -Wimplicit-fallthrough -Wno-nonnull -Wno-class-memaccess -Wno-redundant-move -Wno-pessimizing-move -Wno-noexcept-type  -Werror=non-virtual-dtor -o CMakeFiles/cmTC_63a2d.dir/src.cxx.o -c /mnt/d/llvm/mytoy/build/CMakeFiles/CMakeTmp/src.cxx
/mnt/d/llvm/mytoy/build/CMakeFiles/CMakeTmp/src.cxx:2:36: error: ‘class base’ has virtual functions and accessible non-virtual destructor [-Werror=non-virtual-dtor]
    2 |                              class base {friend f; public: virtual void anchor();protected: ~base();};
      |                                    ^~~~
cc1plus: some warnings being treated as errors
ninja: build stopped: subcommand failed.


Source file was:
class f {};
                             class base {friend f; public: virtual void anchor();protected: ~base();};
                             int main() { return 0; }
Performing C SOURCE FILE Test C_WCOMMENT_ALLOWS_LINE_WRAP failed with the following output:
Change Dir: /mnt/d/llvm/mytoy/build/CMakeFiles/CMakeTmp

Run Build Command(s):/usr/bin/ninja cmTC_0ea5e && [1/2] Building C object CMakeFiles/cmTC_0ea5e.dir/src.c.o
FAILED: CMakeFiles/cmTC_0ea5e.dir/src.c.o 
/usr/bin/gcc -DC_WCOMMENT_ALLOWS_LINE_WRAP  -fPIC -fno-semantic-interposition -Werror=date-time -fno-lifetime-dse -Wall -Wextra -Wno-unused-parameter -Wwrite-strings -Wcast-qual -Wno-missing-field-initializers -Wimplicit-fallthrough  -Werror -Wcomment -o CMakeFiles/cmTC_0ea5e.dir/src.c.o -c /mnt/d/llvm/mytoy/build/CMakeFiles/CMakeTmp/src.c
/mnt/d/llvm/mytoy/build/CMakeFiles/CMakeTmp/src.c:1:1: error: multi-line comment [-Werror=comment]
    1 | // \
      | ^
cc1: all warnings being treated as errors
ninja: build stopped: subcommand failed.


Source file was:
// \
//
int main(void) {return 0;}
Performing C SOURCE FILE Test C_SUPPORTS_STRING_CONVERSION_FLAG failed with the following output:
Change Dir: /mnt/d/llvm/mytoy/build/CMakeFiles/CMakeTmp

Run Build Command(s):/usr/bin/ninja cmTC_8d2ac && [1/2] Building C object CMakeFiles/cmTC_8d2ac.dir/src.c.o
FAILED: CMakeFiles/cmTC_8d2ac.dir/src.c.o 
/usr/bin/gcc -DC_SUPPORTS_STRING_CONVERSION_FLAG  -fPIC -fno-semantic-interposition -Werror=date-time -fno-lifetime-dse -Wall -Wextra -Wno-unused-parameter -Wwrite-strings -Wcast-qual -Wno-missing-field-initializers -Wimplicit-fallthrough -Wno-comment    -Werror -Wstring-conversion -o CMakeFiles/cmTC_8d2ac.dir/src.c.o -c /mnt/d/llvm/mytoy/build/CMakeFiles/CMakeTmp/src.c
gcc: error: unrecognized command-line option '-Wstring-conversion'; did you mean '-Wsign-conversion'?
ninja: build stopped: subcommand failed.


Source file was:
int main(void) { return 0; }
Performing C++ SOURCE FILE Test CXX_SUPPORTS_STRING_CONVERSION_FLAG failed with the following output:
Change Dir: /mnt/d/llvm/mytoy/build/CMakeFiles/CMakeTmp

Run Build Command(s):/usr/bin/ninja cmTC_89fa8 && [1/2] Building CXX object CMakeFiles/cmTC_89fa8.dir/src.cxx.o
FAILED: CMakeFiles/cmTC_89fa8.dir/src.cxx.o 
/usr/bin/g++ -DCXX_SUPPORTS_STRING_CONVERSION_FLAG  -fPIC -fno-semantic-interposition -fvisibility-inlines-hidden -Werror=date-time -fno-lifetime-dse -Wall -Wextra -Wno-unused-parameter -Wwrite-strings -Wcast-qual -Wno-missing-field-initializers -Wimplicit-fallthrough -Wno-nonnull -Wno-class-memaccess -Wno-redundant-move -Wno-pessimizing-move -Wno-noexcept-type -Wdelete-non-virtual-dtor -Wsuggest-override -Wno-comment    -Werror -Wstring-conversion -o CMakeFiles/cmTC_89fa8.dir/src.cxx.o -c /mnt/d/llvm/mytoy/build/CMakeFiles/CMakeTmp/src.cxx
g++: error: unrecognized command-line option '-Wstring-conversion'; did you mean '-Wsign-conversion'?
ninja: build stopped: subcommand failed.


Source file was:
int main() { return 0; }
Performing C SOURCE FILE Test C_SUPPORTS_CTAD_MAYBE_UNSPPORTED_FLAG failed with the following output:
Change Dir: /mnt/d/llvm/mytoy/build/CMakeFiles/CMakeTmp

Run Build Command(s):/usr/bin/ninja cmTC_f8e8b && [1/2] Building C object CMakeFiles/cmTC_f8e8b.dir/src.c.o
FAILED: CMakeFiles/cmTC_f8e8b.dir/src.c.o 
/usr/bin/gcc -DC_SUPPORTS_CTAD_MAYBE_UNSPPORTED_FLAG  -fPIC -fno-semantic-interposition -Werror=date-time -fno-lifetime-dse -Wall -Wextra -Wno-unused-parameter -Wwrite-strings -Wcast-qual -Wno-missing-field-initializers -Wimplicit-fallthrough -Wno-comment    -Werror -Wctad-maybe-unsupported -o CMakeFiles/cmTC_f8e8b.dir/src.c.o -c /mnt/d/llvm/mytoy/build/CMakeFiles/CMakeTmp/src.c
cc1: error: command-line option '-Wctad-maybe-unsupported' is valid for C++/ObjC++ but not for C [-Werror]
cc1: all warnings being treated as errors
ninja: build stopped: subcommand failed.


Source file was:
int main(void) { return 0; }
Performing C++ SOURCE FILE Test LINKER_SUPPORTS_COLOR_DIAGNOSTICS failed with the following output:
Change Dir: /mnt/d/llvm/mytoy/build/CMakeFiles/CMakeTmp

Run Build Command(s):/usr/bin/ninja cmTC_e92a5 && [1/2] Building CXX object CMakeFiles/cmTC_e92a5.dir/src.cxx.o
[2/2] Linking CXX executable cmTC_e92a5
FAILED: cmTC_e92a5 
: && /usr/bin/g++ -fPIC -fno-semantic-interposition -fvisibility-inlines-hidden -Werror=date-time -fno-lifetime-dse -Wall -Wextra -Wno-unused-parameter -Wwrite-strings -Wcast-qual -Wno-missing-field-initializers -Wimplicit-fallthrough -Wno-nonnull -Wno-class-memaccess -Wno-redundant-move -Wno-pessimizing-move -Wno-noexcept-type -Wdelete-non-virtual-dtor -Wsuggest-override -Wno-comment -Wno-misleading-indentation -Wctad-maybe-unsupported -fdiagnostics-color -Wl,--color-diagnostics CMakeFiles/cmTC_e92a5.dir/src.cxx.o -o cmTC_e92a5   && :
/usr/bin/ld: unrecognized option '--color-diagnostics'
/usr/bin/ld: use the --help option for usage information
collect2: error: ld returned 1 exit status
ninja: build stopped: subcommand failed.


Source file was:
int main() { return 0; }
Determining if the os_signpost_interval_begin exist failed with the following output:
Change Dir: /mnt/d/llvm/mytoy/build/CMakeFiles/CMakeTmp

Run Build Command(s):/usr/bin/ninja cmTC_6b787 && [1/2] Building C object CMakeFiles/cmTC_6b787.dir/CheckSymbolExists.c.o
FAILED: CMakeFiles/cmTC_6b787.dir/CheckSymbolExists.c.o 
/usr/bin/gcc   -fPIC -fno-semantic-interposition -fno-lifetime-dse -Wall -Wextra -Wno-unused-parameter -Wwrite-strings -Wcast-qual -Wno-missing-field-initializers -Wimplicit-fallthrough -Wno-comment -fdiagnostics-color -ffunction-sections -fdata-sections -o CMakeFiles/cmTC_6b787.dir/CheckSymbolExists.c.o -c /mnt/d/llvm/mytoy/build/CMakeFiles/CMakeTmp/CheckSymbolExists.c
/mnt/d/llvm/mytoy/build/CMakeFiles/CMakeTmp/CheckSymbolExists.c:2:10: fatal error: os/signpost.h: No such file or directory
    2 | #include <os/signpost.h>
      |          ^~~~~~~~~~~~~~~
compilation terminated.
ninja: build stopped: subcommand failed.


File /mnt/d/llvm/mytoy/build/CMakeFiles/CMakeTmp/CheckSymbolExists.c:
/* */
#include <os/signpost.h>

int main(int argc, char** argv)
{
  (void)argv;
#ifndef os_signpost_interval_begin
  return ((int*)(&os_signpost_interval_begin))[argc];
#else
  (void)argc;
  return 0;
#endif
}
